
=== Deploying to 'studio-2481293716-bdd83'...

i  deploying firestore, functions, hosting
Running command: npm --prefix "$RESOURCE_DIR" run build

> build
> tsc

✔  functions: Finished running predeploy script.
i  firestore: ensuring required API firestore.googleapis.com is enabled...
i  firestore: ensuring required API firestore.googleapis.com is enabled...
i  firestore: reading indexes from firestore.indexes.json...
i  cloud.firestore: checking firestore.rules for compilation errors...
⚠  [W] 48:14 - Unused function: isMember.
✔  cloud.firestore: rules file firestore.rules compiled successfully
i  functions: preparing codebase default for deployment
i  functions: ensuring required API cloudfunctions.googleapis.com is enabled...
i  functions: ensuring required API cloudbuild.googleapis.com is enabled...
i  artifactregistry: ensuring required API artifactregistry.googleapis.com is enabled...
i  functions: Loading and analyzing source code for codebase default to determine what to deploy
Serving at port 8862

i  extensions: ensuring required API firebaseextensions.googleapis.com is enabled...
i  functions: preparing functions directory for uploading...
i  functions: packaged /Users/daewookjeong/federation/studio/functions (60.45 MB) for uploading
i  functions: ensuring required API cloudscheduler.googleapis.com is enabled...
i  functions: ensuring required API run.googleapis.com is enabled...
i  functions: ensuring required API eventarc.googleapis.com is enabled...
i  functions: ensuring required API pubsub.googleapis.com is enabled...
i  functions: ensuring required API storage.googleapis.com is enabled...
i  functions: generating the service identity for pubsub.googleapis.com...
i  functions: generating the service identity for eventarc.googleapis.com...
i  firestore: latest version of firestore.rules already up to date, skipping upload...
i  firestore: deploying indexes...
✔  firestore: deployed indexes in firestore.indexes.json successfully for (default) database
✔  functions: functions source uploaded successfully
i  hosting[studio-2481293716-bdd83]: beginning deploy...
i  hosting[studio-2481293716-bdd83]: found 3 files in public
✔  hosting[studio-2481293716-bdd83]: file upload complete
✔  firestore: released rules firestore.rules to cloud.firestore
i  functions: updating Node.js 20 (2nd Gen) function onFederationAdminInviteCreatedV2(us-central1)...
i  functions: updating Node.js 20 (2nd Gen) function sendBulkSMSV2(us-central1)...
i  functions: updating Node.js 20 (2nd Gen) function onPaymentCompletedV2(us-central1)...
i  functions: updating Node.js 20 (2nd Gen) function calculateMonthlyStatsV2(us-central1)...
i  functions: updating Node.js 20 (2nd Gen) function checkExpiredInvitesV2(us-central1)...
⚠  functions: Request to https://cloudfunctions.googleapis.com/v2/projects/studio-2481293716-bdd83/locations/us-central1/functions/onFederationAdminInviteCreatedV2?updateMask=name%2CbuildConfig.runtime%2CbuildConfig.entryPoint%2CbuildConfig.source.storageSource.bucket%2CbuildConfig.source.storageSource.object%2CbuildConfig.environmentVariables%2CbuildConfig.sourceToken%2CserviceConfig.environmentVariables%2CserviceConfig.ingressSettings%2CserviceConfig.timeoutSeconds%2CserviceConfig.serviceAccountEmail%2CserviceConfig.availableMemory%2CserviceConfig.minInstanceCount%2CserviceConfig.maxInstanceCount%2CserviceConfig.maxInstanceRequestConcurrency%2CserviceConfig.availableCpu%2CserviceConfig.vpcConnector%2CserviceConfig.vpcConnectorEgressSettings%2Clabels%2CeventTrigger.eventType%2CeventTrigger.retryPolicy%2CeventTrigger.eventFilters%2CeventTrigger.triggerRegion had HTTP Error: 409, unable to queue the operation
⚠  functions:  failed to update function projects/studio-2481293716-bdd83/locations/us-central1/functions/onFederationAdminInviteCreatedV2
