
> nextn@0.1.0 deploy:all
> firebase deploy


=== Deploying to 'studio-2481293716-bdd83'...

i  deploying firestore, functions, hosting
Running command: npm --prefix "$RESOURCE_DIR" run build

> build
> tsc

✔  functions: Finished running predeploy script.
i  firestore: ensuring required API firestore.googleapis.com is enabled...
i  firestore: ensuring required API firestore.googleapis.com is enabled...
i  firestore: reading indexes from firestore.indexes.json...
i  cloud.firestore: checking firestore.rules for compilation errors...
⚠  [W] 48:14 - Unused function: isMember.
✔  cloud.firestore: rules file firestore.rules compiled successfully
i  functions: preparing codebase default for deployment
i  functions: ensuring required API cloudfunctions.googleapis.com is enabled...
i  functions: ensuring required API cloudbuild.googleapis.com is enabled...
i  artifactregistry: ensuring required API artifactregistry.googleapis.com is enabled...
i  functions: Loading and analyzing source code for codebase default to determine what to deploy
Serving at port 8902

i  extensions: ensuring required API firebaseextensions.googleapis.com is enabled...
i  functions: preparing functions directory for uploading...
i  functions: packaged /Users/daewookjeong/federation/studio/functions (48.96 KB) for uploading
i  functions: ensuring required API cloudscheduler.googleapis.com is enabled...
i  functions: ensuring required API run.googleapis.com is enabled...
i  functions: ensuring required API eventarc.googleapis.com is enabled...
i  functions: ensuring required API pubsub.googleapis.com is enabled...
i  functions: ensuring required API storage.googleapis.com is enabled...
i  functions: generating the service identity for pubsub.googleapis.com...
i  functions: generating the service identity for eventarc.googleapis.com...
i  firestore: latest version of firestore.rules already up to date, skipping upload...
i  firestore: deploying indexes...
✔  firestore: deployed indexes in firestore.indexes.json successfully for (default) database
✔  functions: functions source uploaded successfully
i  hosting[studio-2481293716-bdd83]: beginning deploy...
i  hosting[studio-2481293716-bdd83]: found 3 files in public
✔  hosting[studio-2481293716-bdd83]: file upload complete
✔  firestore: released rules firestore.rules to cloud.firestore

The following functions are found in your project but do not exist in your local source code:
	calculateMonthlyStats(us-central1)
	checkExpiredInvites(us-central1)
	onFederationAdminInviteCreated(us-central1)
	onPaymentCompleted(us-central1)
	sendBulkSMS(us-central1)

If you are renaming a function or changing its region, it is recommended that you create the new function first before deleting the old one to prevent event loss. For more info, visit https://firebase.google.com/docs/functions/manage-functions#modify

[34m?[39m [1mWould you like to proceed with deletion? Selecting no will continue the rest [22m
[1mof the deployments.[22m [2m(y/N)[22m[1A[106G[1B
[?25h
Error: An unexpected error has occurred.
